<?xml version="1.0" encoding="UTF-8"?>
<!-- Generated by org.testng.reporters.JUnitReportReporter -->
<testsuite skipped="0" hostname="DESKTOP-C7JT459" name="a2_bingTest.A1_SampleBing" tests="1" failures="0" timestamp="14 Aug 2023 02:48:03 GMT" time="11.230" errors="0">
  <testcase name="loginBingTest" time="11.230" classname="a2_bingTest.A1_SampleBing"/>
</testsuite> <!-- a2_bingTest.A1_SampleBing -->
