<?xml version="1.0" encoding="UTF-8"?>
<!-- Generated by org.testng.reporters.JUnitReportReporter -->
<testsuite skipped="0" hostname="DESKTOP-C7JT459" name="a1_googleTest.A1_SampleGoogle" tests="1" failures="0" timestamp="14 Aug 2023 02:48:03 GMT" time="22.155" errors="0">
  <testcase name="loginGoogleTest" time="22.155" classname="a1_googleTest.A1_SampleGoogle"/>
</testsuite> <!-- a1_googleTest.A1_SampleGoogle -->
